<?xml version="1.0" encoding="UTF-8"?>
<testsuite name="com.linkedlist.MyLinkedListTest" tests="1" skipped="0" failures="0" errors="0" timestamp="2020-12-07T15:50:00" hostname="DESKTOP-S0RN8B8" time="0.03">
  <properties/>
  <testcase name="givenLastElementWhenDeleteShouldPassLinkedListResult" classname="com.linkedlist.MyLinkedListTest" time="0.03"/>
  <system-out><![CDATA[
 pop last
My Node : 56->3070
Size of node of the sequence element is :3
]]></system-out>
  <system-err><![CDATA[]]></system-err>
</testsuite>
