<?xml version="1.0" encoding="UTF-8"?>
<testsuite name="com.linkedlist.MyLinkedListTest" tests="6" skipped="0" failures="0" errors="0" timestamp="2020-12-06T18:44:30" hostname="DESKTOP-S0RN8B8" time="0.035">
  <properties/>
  <testcase name="givenElementToSearchWhenMatchShouldPassLinkedListResult" classname="com.linkedlist.MyLinkedListTest" time="0.005"/>
  <testcase name="givenLastElementWhenDeleteShouldPassLinkedListResult" classname="com.linkedlist.MyLinkedListTest" time="0.006"/>
  <testcase name="givenFirstElementWhenDeleteShouldPassLinkedListResult" classname="com.linkedlist.MyLinkedListTest" time="0.006"/>
  <testcase name="given3NumbersWhenAddedToLinkedListShouldBeAddedToTop" classname="com.linkedlist.MyLinkedListTest" time="0.002"/>
  <testcase name="given3NumbersWhenInsertingSecondInBetweenShouldPassLinkedList" classname="com.linkedlist.MyLinkedListTest" time="0.002"/>
  <testcase name="given3NumbersWhenAPendedToLinkedListShouldBeAddedToLast" classname="com.linkedlist.MyLinkedListTest" time="0.004"/>
  <system-out><![CDATA[My Node : 56->3070
My Node : 30->70
My Node : 56->30->70
My Node : 56->30->70
My Node : 56->30->70
]]></system-out>
  <system-err><![CDATA[]]></system-err>
</testsuite>
