<?xml version="1.0" encoding="UTF-8"?>
<testsuite name="com.linkedlist.MyNodeTest" tests="1" skipped="0" failures="0" errors="0" timestamp="2020-12-06T09:57:33" hostname="DESKTOP-S0RN8B8" time="0.01">
  <properties/>
  <testcase name="givenNumbersWhenLinkedShouldPassedLinkedListTest" classname="com.linkedlist.MyNodeTest" time="0.01"/>
  <system-out><![CDATA[]]></system-out>
  <system-err><![CDATA[]]></system-err>
</testsuite>
