<?xml version="1.0" encoding="UTF-8"?>
<testsuite name="com.linkedlist.MyLinkedListTest" tests="1" skipped="0" failures="0" errors="0" timestamp="2020-12-06T12:29:19" hostname="DESKTOP-S0RN8B8" time="0.019">
  <properties/>
  <testcase name="given3NumbersWhenAddedToLinkedListShouldBeAddedToTop" classname="com.linkedlist.MyLinkedListTest" time="0.019"/>
  <system-out><![CDATA[My Nodes : null->null->null
]]></system-out>
  <system-err><![CDATA[]]></system-err>
</testsuite>
