<?xml version="1.0" encoding="UTF-8"?>
<testsuite name="com.linkedlist.MyLinkedListTest" tests="3" skipped="0" failures="0" errors="0" timestamp="2020-12-06T16:48:38" hostname="DESKTOP-S0RN8B8" time="0.031">
  <properties/>
  <testcase name="given3NumbersWhenAddedToLinkedListShouldBeAddedToTop" classname="com.linkedlist.MyLinkedListTest" time="0.026"/>
  <testcase name="given3NumbersWhenInsertingSecondInBetweenShouldPassLinkedList" classname="com.linkedlist.MyLinkedListTest" time="0.001"/>
  <testcase name="given3NumbersWhenAPendedToLinkedListShouldBeAddedToLast" classname="com.linkedlist.MyLinkedListTest" time="0.001"/>
  <system-out><![CDATA[My Nodes : 56->30->70
My Nodes : 56->30->70
My Nodes : 56->30->70
]]></system-out>
  <system-err><![CDATA[]]></system-err>
</testsuite>
